2021-04-05 18:29:19 info: 🚀 App listening on the port 3000
2021-04-05 18:29:40 info: ::1 - - [06/Apr/2021:01:29:40 +0000] "GET / HTTP/1.1" 200 2 "-" "Mozilla/5.0 (Macintosh; Intel Mac OS X 11_2_3) AppleWebKit/537.36 (KHTML, like Gecko) Chrome/89.0.4389.114 Safari/537.36"
2021-04-05 18:29:40 info: ::1 - - [06/Apr/2021:01:29:40 +0000] "GET /favicon.ico HTTP/1.1" 404 150 "-" "Mozilla/5.0 (Macintosh; Intel Mac OS X 11_2_3) AppleWebKit/537.36 (KHTML, like Gecko) Chrome/89.0.4389.114 Safari/537.36"
2021-04-05 18:29:49 error: 🔴 Unable to connect to the database: MongooseServerSelectionError: connect ECONNREFUSED 127.0.0.1:27017.
2021-04-05 18:30:26 info: ::1 - - [06/Apr/2021:01:30:26 +0000] "GET /api-docs HTTP/1.1" 301 183 "-" "Mozilla/5.0 (Macintosh; Intel Mac OS X 11_2_3) AppleWebKit/537.36 (KHTML, like Gecko) Chrome/89.0.4389.114 Safari/537.36"
2021-04-05 18:30:26 info: ::1 - - [06/Apr/2021:01:30:26 +0000] "GET /api-docs/ HTTP/1.1" 200 - "-" "Mozilla/5.0 (Macintosh; Intel Mac OS X 11_2_3) AppleWebKit/537.36 (KHTML, like Gecko) Chrome/89.0.4389.114 Safari/537.36"
2021-04-05 18:30:26 info: ::1 - - [06/Apr/2021:01:30:26 +0000] "GET /api-docs/swagger-ui-init.js HTTP/1.1" 200 - "-" "Mozilla/5.0 (Macintosh; Intel Mac OS X 11_2_3) AppleWebKit/537.36 (KHTML, like Gecko) Chrome/89.0.4389.114 Safari/537.36"
2021-04-05 18:30:26 info: ::1 - - [06/Apr/2021:01:30:26 +0000] "GET /api-docs/swagger-ui.css HTTP/1.1" 200 - "-" "Mozilla/5.0 (Macintosh; Intel Mac OS X 11_2_3) AppleWebKit/537.36 (KHTML, like Gecko) Chrome/89.0.4389.114 Safari/537.36"
2021-04-05 18:30:26 info: ::1 - - [06/Apr/2021:01:30:26 +0000] "GET /api-docs/swagger-ui-standalone-preset.js HTTP/1.1" 200 - "-" "Mozilla/5.0 (Macintosh; Intel Mac OS X 11_2_3) AppleWebKit/537.36 (KHTML, like Gecko) Chrome/89.0.4389.114 Safari/537.36"
2021-04-05 18:30:26 info: ::1 - - [06/Apr/2021:01:30:26 +0000] "GET /api-docs/swagger-ui-bundle.js HTTP/1.1" 200 - "-" "Mozilla/5.0 (Macintosh; Intel Mac OS X 11_2_3) AppleWebKit/537.36 (KHTML, like Gecko) Chrome/89.0.4389.114 Safari/537.36"
2021-04-05 18:30:27 info: ::1 - - [06/Apr/2021:01:30:27 +0000] "GET /api-docs/favicon-32x32.png HTTP/1.1" 200 628 "-" "Mozilla/5.0 (Macintosh; Intel Mac OS X 11_2_3) AppleWebKit/537.36 (KHTML, like Gecko) Chrome/89.0.4389.114 Safari/537.36"
2021-04-05 20:45:51 info: 🚀 App listening on the port 3000
2021-04-05 20:45:52 info: 🟢 The database is connected.
2021-04-05 20:46:18 info: ::1 - - [06/Apr/2021:03:46:18 +0000] "GET /api-docs/ HTTP/1.1" 304 - "-" "Mozilla/5.0 (Macintosh; Intel Mac OS X 11_2_3) AppleWebKit/537.36 (KHTML, like Gecko) Chrome/89.0.4389.114 Safari/537.36"
2021-04-05 20:46:18 info: ::1 - - [06/Apr/2021:03:46:18 +0000] "GET /api-docs/swagger-ui.css HTTP/1.1" 304 - "-" "Mozilla/5.0 (Macintosh; Intel Mac OS X 11_2_3) AppleWebKit/537.36 (KHTML, like Gecko) Chrome/89.0.4389.114 Safari/537.36"
2021-04-05 20:46:18 info: ::1 - - [06/Apr/2021:03:46:18 +0000] "GET /api-docs/swagger-ui-bundle.js HTTP/1.1" 304 - "-" "Mozilla/5.0 (Macintosh; Intel Mac OS X 11_2_3) AppleWebKit/537.36 (KHTML, like Gecko) Chrome/89.0.4389.114 Safari/537.36"
2021-04-05 20:46:18 info: ::1 - - [06/Apr/2021:03:46:18 +0000] "GET /api-docs/swagger-ui-init.js HTTP/1.1" 304 - "-" "Mozilla/5.0 (Macintosh; Intel Mac OS X 11_2_3) AppleWebKit/537.36 (KHTML, like Gecko) Chrome/89.0.4389.114 Safari/537.36"
2021-04-05 20:46:18 info: ::1 - - [06/Apr/2021:03:46:18 +0000] "GET /api-docs/swagger-ui-standalone-preset.js HTTP/1.1" 304 - "-" "Mozilla/5.0 (Macintosh; Intel Mac OS X 11_2_3) AppleWebKit/537.36 (KHTML, like Gecko) Chrome/89.0.4389.114 Safari/537.36"
2021-04-05 20:46:18 info: ::1 - - [06/Apr/2021:03:46:18 +0000] "GET /api-docs/favicon-32x32.png HTTP/1.1" 200 628 "-" "Mozilla/5.0 (Macintosh; Intel Mac OS X 11_2_3) AppleWebKit/537.36 (KHTML, like Gecko) Chrome/89.0.4389.114 Safari/537.36"
2021-04-05 20:46:34 error: StatusCode : 400, Message : email must be an email
2021-04-05 20:46:34 info: ::1 - - [06/Apr/2021:03:46:34 +0000] "POST /users HTTP/1.1" 400 36 "-" "Mozilla/5.0 (Macintosh; Intel Mac OS X 11_2_3) AppleWebKit/537.36 (KHTML, like Gecko) Chrome/89.0.4389.114 Safari/537.36"
2021-04-05 20:46:37 error: StatusCode : 400, Message : email must be an email
2021-04-05 20:46:37 info: ::1 - - [06/Apr/2021:03:46:37 +0000] "POST /users HTTP/1.1" 400 36 "-" "Mozilla/5.0 (Macintosh; Intel Mac OS X 11_2_3) AppleWebKit/537.36 (KHTML, like Gecko) Chrome/89.0.4389.114 Safari/537.36"
2021-04-05 20:46:54 info: ::1 - - [06/Apr/2021:03:46:54 +0000] "POST /users HTTP/1.1" 201 171 "-" "Mozilla/5.0 (Macintosh; Intel Mac OS X 11_2_3) AppleWebKit/537.36 (KHTML, like Gecko) Chrome/89.0.4389.114 Safari/537.36"
2021-04-05 20:50:16 info: ::1 - - [06/Apr/2021:03:50:16 +0000] "POST /users HTTP/1.1" 201 174 "-" "Mozilla/5.0 (Macintosh; Intel Mac OS X 11_2_3) AppleWebKit/537.36 (KHTML, like Gecko) Chrome/89.0.4389.114 Safari/537.36"
2021-04-05 21:00:00 info: ::1 - - [06/Apr/2021:04:00:00 +0000] "GET /users HTTP/1.1" 200 319 "-" "Mozilla/5.0 (Macintosh; Intel Mac OS X 11_2_3) AppleWebKit/537.36 (KHTML, like Gecko) Chrome/89.0.4389.114 Safari/537.36"
